<?xml version="1.0" encoding="UTF-8"?>
<!-- Generated by org.testng.reporters.JUnitXMLReporter -->
<testsuite ignored="0" hostname="MDerbala" failures="0" tests="7" name="Test" time="6.038" errors="0" timestamp="2025-02-26T02:22:34 EET">
  <testcase classname="tests.CreateUserTest" name="testCreateUser" time="3.691"/>
  <testcase classname="tests.GetUserTest" name="testGetUser" time="0.356"/>
  <testcase classname="tests.UpdateUserTest" name="testUpdateUser" time="0.34"/>
  <testcase classname="tests.GetUserErrorTest" name="testGetNonExistentUser" time="0.215"/>
  <testcase classname="tests.CreateUserErrorTest" name="testInvalidUserCreation" time="0.318"/>
  <testcase classname="tests.CreateUserErrorTest" name="testInvalidUserCreationWithMalformedJSON" time="0.267"/>
  <testcase classname="tests.UpdateUserErrorTest" name="testUpdateNonExistentUser" time="0.274"/>
</testsuite> <!-- Test -->
